2025-03-08 20:43:17,443 - INFO - Loading patient data.
2025-03-08 20:43:17,538 - INFO - Triage model trained successfully.
2025-03-08 20:43:17,544 - INFO - Triage model evaluation completed.
2025-03-08 20:43:17,553 - INFO - Triage Model Evaluation:
2025-03-08 20:43:17,554 - INFO -               precision    recall  f1-score   support

       Green       1.00      1.00      1.00         4
         Red       1.00      1.00      1.00         5
      Yellow       1.00      1.00      1.00         7

    accuracy                           1.00        16
   macro avg       1.00      1.00      1.00        16
weighted avg       1.00      1.00      1.00        16

2025-03-08 20:43:17,565 - INFO - Successful allocations:
2025-03-08 20:43:17,585 - INFO - Patient 1 (Patient A) | Triage: Red -> Hospital A
2025-03-08 20:43:17,585 - INFO - Patient 2 (Patient B) | Triage: Green -> Hospital A
2025-03-08 20:43:17,586 - INFO - 
Hospital resource usage:
2025-03-08 20:43:17,586 - INFO - Hospital A: 2/100 beds | 1/10 ambulances
2025-03-08 20:43:17,586 - INFO - Hospital B: 0/80 beds | 0/5 ambulances
2025-03-08 20:55:16,716 - INFO - Loading patient data.
2025-03-08 20:55:16,798 - INFO - Triage model trained successfully.
2025-03-08 20:55:16,802 - INFO - Triage model evaluation completed.
2025-03-08 20:55:16,806 - INFO - Triage Model Evaluation:
2025-03-08 20:55:16,806 - INFO -               precision    recall  f1-score   support

       Green       1.00      1.00      1.00         4
         Red       1.00      1.00      1.00         5
      Yellow       1.00      1.00      1.00         7

    accuracy                           1.00        16
   macro avg       1.00      1.00      1.00        16
weighted avg       1.00      1.00      1.00        16

2025-03-08 20:55:16,816 - ERROR - An error occurred: Predicted triage list length doesn't match patient count
